{"/Users/ianmarshall/personal/vue-class/2022.08.22-with-fontawesome/src/components/Navigation/ProfileImage.vue": {"path":"/Users/ianmarshall/personal/vue-class/2022.08.22-with-fontawesome/src/components/Navigation/ProfileImage.vue","statementMap":{"0":{"start":{"line":6,"column":15},"end":{"line":6,"column":null}},"1":{"start":{"line":9,"column":4},"end":{"line":9,"column":11}}},"fnMap":{"0":{"name":"(anonymous_0)","decl":{"start":{"line":8,"column":2},"end":{"line":8,"column":6}},"loc":{"start":{"line":8,"column":9},"end":{"line":13,"column":null}}}},"branchMap":{},"s":{"0":2,"1":1},"f":{"0":1},"b":{}}
,"/Users/ianmarshall/personal/vue-class/2022.08.22-with-fontawesome/src/components/Navigation/SubNav.vue": {"path":"/Users/ianmarshall/personal/vue-class/2022.08.22-with-fontawesome/src/components/Navigation/SubNav.vue","statementMap":{"0":{"start":{"line":13,"column":15},"end":{"line":13,"column":null}},"1":{"start":{"line":17,"column":6},"end":{"line":17,"column":13}}},"fnMap":{"0":{"name":"(anonymous_0)","decl":{"start":{"line":16,"column":4},"end":{"line":16,"column":20}},"loc":{"start":{"line":16,"column":22},"end":{"line":18,"column":null}}}},"branchMap":{},"s":{"0":2,"1":0},"f":{"0":0},"b":{}}
,"/Users/ianmarshall/personal/vue-class/2022.08.22-with-fontawesome/src/components/Shared/ActionButton.vue": {"path":"/Users/ianmarshall/personal/vue-class/2022.08.22-with-fontawesome/src/components/Shared/ActionButton.vue","statementMap":{"0":{"start":{"line":8,"column":15},"end":{"line":8,"column":null}},"1":{"start":{"line":20,"column":8},"end":{"line":20,"column":15}},"2":{"start":{"line":26,"column":6},"end":{"line":26,"column":13}}},"fnMap":{"0":{"name":"(anonymous_0)","decl":{"start":{"line":19,"column":6},"end":{"line":19,"column":15}},"loc":{"start":{"line":19,"column":23},"end":{"line":21,"column":null}}},"1":{"name":"(anonymous_1)","decl":{"start":{"line":25,"column":4},"end":{"line":25,"column":15}},"loc":{"start":{"line":25,"column":18},"end":{"line":29,"column":null}}}},"branchMap":{},"s":{"0":3,"1":8,"2":3},"f":{"0":8,"1":3},"b":{}}
,"/Users/ianmarshall/personal/vue-class/2022.08.22-with-fontawesome/src/components/Shared/TextInput.vue": {"path":"/Users/ianmarshall/personal/vue-class/2022.08.22-with-fontawesome/src/components/Shared/TextInput.vue","statementMap":{"0":{"start":{"line":12,"column":15},"end":{"line":12,"column":null}},"1":{"start":{"line":28,"column":12},"end":{"line":28,"column":17}}},"fnMap":{"0":{"name":"(anonymous_0)","decl":{"start":{"line":27,"column":8},"end":{"line":27,"column":19}},"loc":{"start":{"line":27,"column":28},"end":{"line":29,"column":null}}}},"branchMap":{},"s":{"0":2,"1":5},"f":{"0":5},"b":{}}
,"/Users/ianmarshall/personal/vue-class/2022.08.22-with-fontawesome/src/utils/nextElementInList.js": {"path":"/Users/ianmarshall/personal/vue-class/2022.08.22-with-fontawesome/src/utils/nextElementInList.js","statementMap":{"0":{"start":{"line":1,"column":30},"end":{"line":6,"column":5}},"1":{"start":{"line":2,"column":34},"end":{"line":2,"column":53}},"2":{"start":{"line":3,"column":31},"end":{"line":3,"column":67}},"3":{"start":{"line":4,"column":26},"end":{"line":4,"column":46}},"4":{"start":{"line":5,"column":8},"end":{"line":5,"column":25}}},"fnMap":{"0":{"name":"(anonymous_0)","decl":{"start":{"line":1,"column":30},"end":{"line":1,"column":31}},"loc":{"start":{"line":1,"column":47},"end":{"line":6,"column":5}},"line":1}},"branchMap":{},"s":{"0":2,"1":5,"2":5,"3":5,"4":5},"f":{"0":5},"b":{},"_coverageSchema":"1a1c01bbd47fc00a2c39e90264f33305004495a9","hash":"d7d9e03c864bb7b7e32a27ead1e9e45ac444d14d"}
}
